  common.cpp
  file.cpp
  folder.cpp
  gui.cpp
  imgui.cpp
  imgui_demo.cpp
  imgui_draw.cpp
  imgui_impl_dx9.cpp
  imgui_impl_win32.cpp
  imgui_tables.cpp
  imgui_widgets.cpp
  main.cpp
  pattern.cpp
  player_inventory.cpp
  player_stats.cpp
  player_menu.cpp
  setting.cpp
  pointers.cpp
  renderer.cpp
  Generating code
  832 of 3503 functions (23.8%) were compiled, the rest were copied from previous compilation.
    0 functions were new in current compilation
    446 functions had inline decision re-evaluated but remain unchanged
  Finished generating code
  ImGuiExternal.vcxproj -> H:\Coding\ScarletNexus\x64\Release\Scarlet Nexus.exe
